Arguments: 
  D:\JS\node\node.exe C:\Users\justi\AppData\Roaming\npm\node_modules\yarn\bin\yarn.js init

PATH: 
  C:\Program Files\Eclipse Adoptium\jdk-17.0.1.12-hotspot\bin;C:\Program Files\NVIDIA GPU Computing Toolkit\CUDA\v11.5\bin;C:\Program Files\NVIDIA GPU Computing Toolkit\CUDA\v11.5\libnvvp;C:\Python39\Scripts\;C:\Python39\;C:\Windows\system32;C:\Windows;C:\Windows\System32\Wbem;C:\Windows\System32\WindowsPowerShell\v1.0\;C:\Windows\System32\OpenSSH\;C:\Program Files (x86)\NVIDIA Corporation\PhysX\Common;C:\Program Files\NVIDIA Corporation\NVIDIA NvDLISR;C:\Program Files\Git\cmd;C:\Program Files\dotnet\;C:\ProgramData\chocolatey\bin;D:\GCP\google-cloud-sdk\bin;C:\Program Files\Tesseract-OCR\;C:\WINDOWS\system32;C:\WINDOWS;C:\WINDOWS\System32\Wbem;C:\WINDOWS\System32\WindowsPowerShell\v1.0\;C:\WINDOWS\System32\OpenSSH\;C:\Program Files\Microsoft SQL Server\130\Tools\Binn\;C:\Program Files\Microsoft SQL Server\Client SDK\ODBC\170\Tools\Binn\;D:\JS\node\;D:\Programs\PuTTY\;C:\Program Files\NVIDIA Corporation\Nsight Compute 2021.3.1\;;C:\WINDOWS\system32;C:\WINDOWS;C:\WINDOWS\System32\Wbem;C:\WINDOWS\System32\WindowsPowerShell\v1.0\;C:\WINDOWS\System32\OpenSSH\;C:\Users\justi\AppData\Local\Programs\Python\Python310\Scripts\;C:\Users\justi\AppData\Local\Programs\Python\Python310\;C:\Users\justi\AppData\Local\Microsoft\WindowsApps;C:\Users\justi\AppData\Local\GitHubDesktop\bin;C:\Users\justi\AppData\Local\Programs\Microsoft VS Code\bin;C:\Users\justi\.dotnet\tools;C:\Users\justi\AppData\Roaming\npm;D:\MobileDev\flutter\bin;C:\ffmpeg\bin;C:\Program Files\Tesseract-OCR\tesseract.exe;C:\Users\justi\cs61b-software\bin;C:\Users\justi\AppData\Local\Programs\Python\Python310\Scripts\;C:\Users\justi\AppData\Local\Programs\Python\Python310\;C:\Users\justi\AppData\Local\Microsoft\WindowsApps;C:\Users\justi\AppData\Local\GitHubDesktop\bin;C:\Users\justi\AppData\Local\Programs\Microsoft VS Code\bin;C:\Users\justi\.dotnet\tools;C:\Users\justi\AppData\Roaming\npm;D:\MobileDev\flutter\bin;C:\ffmpeg\bin;C:\Program Files\Tesseract-OCR\tesseract.exe;

Yarn version: 
  1.22.17

Node version: 
  14.17.1

Platform: 
  win32 x64

Trace: 
  Error: canceled
      at Interface.<anonymous> (C:\Users\justi\AppData\Roaming\npm\node_modules\yarn\lib\cli.js:137143:13)
      at Interface.emit (events.js:375:28)
      at Interface._ttyWrite (readline.js:910:16)
      at ReadStream.onkeypress (readline.js:235:10)
      at ReadStream.emit (events.js:375:28)
      at emitKeys (internal/readline/utils.js:358:14)
      at emitKeys.next (<anonymous>)
      at ReadStream.onData (readline.js:1179:36)
      at ReadStream.emit (events.js:375:28)
      at addChunk (internal/streams/readable.js:290:12)

npm manifest: 
  No manifest

yarn manifest: 
  No manifest

Lockfile: 
  No lockfile
